# JRE version: OpenJDK Runtime Environment Temurin-21.0.11+10 (21.0.11+10) (build 21.0.11+10-LTS)
# Java VM: OpenJDK 64-Bit Server VM Temurin-21.0.11+10 (21.0.11+10-LTS, mixed mode, sharing, tiered, compressed oops, compressed class ptrs, parallel gc, windows-amd64)
GC Precious Log:
 CardTable entry size: 512
 CPUs: 8 total, 8 available
 Memory: 7886M
 Large Page Support: Disabled
 NUMA Support: Disabled
 Compressed Oops: Enabled (32-bit)
 Alignments: Space 512K, Generation 512K, Heap 2M
 Heap Min Capacity: 100M
 Heap Initial Capacity: 100M
 Heap Max Capacity: 2G
 Pre-touch: Disabled
 Parallel Workers: 8
Heap:
 PSYoungGen      total 6144K, used 3827K [0x00000000d5580000, 0x00000000d5d00000, 0x0000000100000000)
  eden space 5632K, 65% used [0x00000000d5580000,0x00000000d591ccc8,0x00000000d5b00000)
  from space 512K, 25% used [0x00000000d5c00000,0x00000000d5c20000,0x00000000d5c80000)
  to   space 512K, 0% used [0x00000000d5c80000,0x00000000d5c80000,0x00000000d5d00000)
 ParOldGen       total 804352K, used 652683K [0x0000000080000000, 0x00000000b1180000, 0x00000000d5580000)
  object space 804352K, 81% used [0x0000000080000000,0x00000000a7d62fe0,0x00000000b1180000)
 Metaspace       used 90359K, committed 92160K, reserved 1179648K
  class space    used 9140K, committed 9920K, reserved 1048576K
GC Heap History (20 events):
Event: 11583.514 GC heap before
{Heap before GC invocations=2806 (full 5):
 PSYoungGen      total 6144K, used 5792K [0x00000000d5580000, 0x00000000d5d00000, 0x0000000100000000)
  eden space 5632K, 100% used [0x00000000d5580000,0x00000000d5b00000,0x00000000d5b00000)
  from space 512K, 31% used [0x00000000d5c80000,0x00000000d5ca8000,0x00000000d5d00000)
  to   space 512K, 0% used [0x00000000d5c00000,0x00000000d5c00000,0x00000000d5c80000)
 ParOldGen       total 804352K, used 652683K [0x0000000080000000, 0x00000000b1180000, 0x00000000d5580000)
  object space 804352K, 81% used [0x0000000080000000,0x00000000a7d62fe0,0x00000000b1180000)
 Metaspace       used 90359K, committed 92160K, reserved 1179648K
  class space    used 9140K, committed 9920K, reserved 1048576K
}
Event: 11583.515 GC heap after
{Heap after GC invocations=2806 (full 5):
 PSYoungGen      total 6144K, used 224K [0x00000000d5580000, 0x00000000d5d00000, 0x0000000100000000)
  eden space 5632K, 0% used [0x00000000d5580000,0x00000000d5580000,0x00000000d5b00000)
  from space 512K, 43% used [0x00000000d5c00000,0x00000000d5c38000,0x00000000d5c80000)
  to   space 512K, 0% used [0x00000000d5c80000,0x00000000d5c80000,0x00000000d5d00000)
 ParOldGen       total 804352K, used 652683K [0x0000000080000000, 0x00000000b1180000, 0x00000000d5580000)
  object space 804352K, 81% used [0x0000000080000000,0x00000000a7d62fe0,0x00000000b1180000)
 Metaspace       used 90359K, committed 92160K, reserved 1179648K
  class space    used 9140K, committed 9920K, reserved 1048576K
}
Event: 11583.600 GC heap before
{Heap before GC invocations=2807 (full 5):
 PSYoungGen      total 6144K, used 5856K [0x00000000d5580000, 0x00000000d5d00000, 0x0000000100000000)
  eden space 5632K, 100% used [0x00000000d5580000,0x00000000d5b00000,0x00000000d5b00000)
  from space 512K, 43% used [0x00000000d5c00000,0x00000000d5c38000,0x00000000d5c80000)
  to   space 512K, 0% used [0x00000000d5c80000,0x00000000d5c80000,0x00000000d5d00000)
 ParOldGen       total 804352K, used 652683K [0x0000000080000000, 0x00000000b1180000, 0x00000000d5580000)
  object space 804352K, 81% used [0x0000000080000000,0x00000000a7d62fe0,0x00000000b1180000)
 Metaspace       used 90359K, committed 92160K, reserved 1179648K
  class space    used 9140K, committed 9920K, reserved 1048576K
}
Event: 11583.601 GC heap after
{Heap after GC invocations=2807 (full 5):
 PSYoungGen      total 6144K, used 160K [0x00000000d5580000, 0x00000000d5d00000, 0x0000000100000000)
  eden space 5632K, 0% used [0x00000000d5580000,0x00000000d5580000,0x00000000d5b00000)
  from space 512K, 31% used [0x00000000d5c80000,0x00000000d5ca8000,0x00000000d5d00000)
  to   space 512K, 0% used [0x00000000d5c00000,0x00000000d5c00000,0x00000000d5c80000)
 ParOldGen       total 804352K, used 652683K [0x0000000080000000, 0x00000000b1180000, 0x00000000d5580000)
  object space 804352K, 81% used [0x0000000080000000,0x00000000a7d62fe0,0x00000000b1180000)
 Metaspace       used 90359K, committed 92160K, reserved 1179648K
  class space    used 9140K, committed 9920K, reserved 1048576K
}
Event: 11583.693 GC heap before
{Heap before GC invocations=2808 (full 5):
 PSYoungGen      total 6144K, used 5792K [0x00000000d5580000, 0x00000000d5d00000, 0x0000000100000000)
  eden space 5632K, 100% used [0x00000000d5580000,0x00000000d5b00000,0x00000000d5b00000)
  from space 512K, 31% used [0x00000000d5c80000,0x00000000d5ca8000,0x00000000d5d00000)
  to   space 512K, 0% used [0x00000000d5c00000,0x00000000d5c00000,0x00000000d5c80000)
 ParOldGen       total 804352K, used 652683K [0x0000000080000000, 0x00000000b1180000, 0x00000000d5580000)
  object space 804352K, 81% used [0x0000000080000000,0x00000000a7d62fe0,0x00000000b1180000)
 Metaspace       used 90359K, committed 92160K, reserved 1179648K
  class space    used 9140K, committed 9920K, reserved 1048576K
}
Event: 11583.694 GC heap after
{Heap after GC invocations=2808 (full 5):
 PSYoungGen      total 6144K, used 128K [0x00000000d5580000, 0x00000000d5d00000, 0x0000000100000000)
  eden space 5632K, 0% used [0x00000000d5580000,0x00000000d5580000,0x00000000d5b00000)
  from space 512K, 25% used [0x00000000d5c00000,0x00000000d5c20000,0x00000000d5c80000)
  to   space 512K, 0% used [0x00000000d5c80000,0x00000000d5c80000,0x00000000d5d00000)
 ParOldGen       total 804352K, used 652683K [0x0000000080000000, 0x00000000b1180000, 0x00000000d5580000)
  object space 804352K, 81% used [0x0000000080000000,0x00000000a7d62fe0,0x00000000b1180000)
 Metaspace       used 90359K, committed 92160K, reserved 1179648K
  class space    used 9140K, committed 9920K, reserved 1048576K
}
Event: 11583.759 GC heap before
{Heap before GC invocations=2809 (full 5):
 PSYoungGen      total 6144K, used 5760K [0x00000000d5580000, 0x00000000d5d00000, 0x0000000100000000)
  eden space 5632K, 100% used [0x00000000d5580000,0x00000000d5b00000,0x00000000d5b00000)
  from space 512K, 25% used [0x00000000d5c00000,0x00000000d5c20000,0x00000000d5c80000)
  to   space 512K, 0% used [0x00000000d5c80000,0x00000000d5c80000,0x00000000d5d00000)
 ParOldGen       total 804352K, used 652683K [0x0000000080000000, 0x00000000b1180000, 0x00000000d5580000)
  object space 804352K, 81% used [0x0000000080000000,0x00000000a7d62fe0,0x00000000b1180000)
 Metaspace       used 90359K, committed 92160K, reserved 1179648K
  class space    used 9140K, committed 9920K, reserved 1048576K
}
Event: 11583.760 GC heap after
{Heap after GC invocations=2809 (full 5):
 PSYoungGen      total 6144K, used 128K [0x00000000d5580000, 0x00000000d5d00000, 0x0000000100000000)
  eden space 5632K, 0% used [0x00000000d5580000,0x00000000d5580000,0x00000000d5b00000)
  from space 512K, 25% used [0x00000000d5c80000,0x00000000d5ca0000,0x00000000d5d00000)
  to   space 512K, 0% used [0x00000000d5c00000,0x00000000d5c00000,0x00000000d5c80000)
 ParOldGen       total 804352K, used 652683K [0x0000000080000000, 0x00000000b1180000, 0x00000000d5580000)
  object space 804352K, 81% used [0x0000000080000000,0x00000000a7d62fe0,0x00000000b1180000)
 Metaspace       used 90359K, committed 92160K, reserved 1179648K
  class space    used 9140K, committed 9920K, reserved 1048576K
}
Event: 11583.832 GC heap before
{Heap before GC invocations=2810 (full 5):
 PSYoungGen      total 6144K, used 5760K [0x00000000d5580000, 0x00000000d5d00000, 0x0000000100000000)
  eden space 5632K, 100% used [0x00000000d5580000,0x00000000d5b00000,0x00000000d5b00000)
  from space 512K, 25% used [0x00000000d5c80000,0x00000000d5ca0000,0x00000000d5d00000)
  to   space 512K, 0% used [0x00000000d5c00000,0x00000000d5c00000,0x00000000d5c80000)
 ParOldGen       total 804352K, used 652683K [0x0000000080000000, 0x00000000b1180000, 0x00000000d5580000)
  object space 804352K, 81% used [0x0000000080000000,0x00000000a7d62fe0,0x00000000b1180000)
 Metaspace       used 90359K, committed 92160K, reserved 1179648K
  class space    used 9140K, committed 9920K, reserved 1048576K
}
Event: 11583.833 GC heap after
{Heap after GC invocations=2810 (full 5):
 PSYoungGen      total 6144K, used 160K [0x00000000d5580000, 0x00000000d5d00000, 0x0000000100000000)
  eden space 5632K, 0% used [0x00000000d5580000,0x00000000d5580000,0x00000000d5b00000)
  from space 512K, 31% used [0x00000000d5c00000,0x00000000d5c28000,0x00000000d5c80000)
  to   space 512K, 0% used [0x00000000d5c80000,0x00000000d5c80000,0x00000000d5d00000)
 ParOldGen       total 804352K, used 652683K [0x0000000080000000, 0x00000000b1180000, 0x00000000d5580000)
  object space 804352K, 81% used [0x0000000080000000,0x00000000a7d62fe0,0x00000000b1180000)
 Metaspace       used 90359K, committed 92160K, reserved 1179648K
  class space    used 9140K, committed 9920K, reserved 1048576K
}
Event: 11583.898 GC heap before
{Heap before GC invocations=2811 (full 5):
 PSYoungGen      total 6144K, used 5792K [0x00000000d5580000, 0x00000000d5d00000, 0x0000000100000000)
  eden space 5632K, 100% used [0x00000000d5580000,0x00000000d5b00000,0x00000000d5b00000)
  from space 512K, 31% used [0x00000000d5c00000,0x00000000d5c28000,0x00000000d5c80000)
  to   space 512K, 0% used [0x00000000d5c80000,0x00000000d5c80000,0x00000000d5d00000)
 ParOldGen       total 804352K, used 652683K [0x0000000080000000, 0x00000000b1180000, 0x00000000d5580000)
  object space 804352K, 81% used [0x0000000080000000,0x00000000a7d62fe0,0x00000000b1180000)
 Metaspace       used 90359K, committed 92160K, reserved 1179648K
  class space    used 9140K, committed 9920K, reserved 1048576K
}
Event: 11583.899 GC heap after
{Heap after GC invocations=2811 (full 5):
 PSYoungGen      total 6144K, used 160K [0x00000000d5580000, 0x00000000d5d00000, 0x0000000100000000)
  eden space 5632K, 0% used [0x00000000d5580000,0x00000000d5580000,0x00000000d5b00000)
  from space 512K, 31% used [0x00000000d5c80000,0x00000000d5ca8000,0x00000000d5d00000)
  to   space 512K, 0% used [0x00000000d5c00000,0x00000000d5c00000,0x00000000d5c80000)
 ParOldGen       total 804352K, used 652683K [0x0000000080000000, 0x00000000b1180000, 0x00000000d5580000)
  object space 804352K, 81% used [0x0000000080000000,0x00000000a7d62fe0,0x00000000b1180000)
 Metaspace       used 90359K, committed 92160K, reserved 1179648K
  class space    used 9140K, committed 9920K, reserved 1048576K
}
Event: 11583.964 GC heap before
{Heap before GC invocations=2812 (full 5):
 PSYoungGen      total 6144K, used 5792K [0x00000000d5580000, 0x00000000d5d00000, 0x0000000100000000)
  eden space 5632K, 100% used [0x00000000d5580000,0x00000000d5b00000,0x00000000d5b00000)
  from space 512K, 31% used [0x00000000d5c80000,0x00000000d5ca8000,0x00000000d5d00000)
  to   space 512K, 0% used [0x00000000d5c00000,0x00000000d5c00000,0x00000000d5c80000)
 ParOldGen       total 804352K, used 652683K [0x0000000080000000, 0x00000000b1180000, 0x00000000d5580000)
  object space 804352K, 81% used [0x0000000080000000,0x00000000a7d62fe0,0x00000000b1180000)
 Metaspace       used 90359K, committed 92160K, reserved 1179648K
  class space    used 9140K, committed 9920K, reserved 1048576K
}
Event: 11583.965 GC heap after
{Heap after GC invocations=2812 (full 5):
 PSYoungGen      total 6144K, used 192K [0x00000000d5580000, 0x00000000d5d00000, 0x0000000100000000)
  eden space 5632K, 0% used [0x00000000d5580000,0x00000000d5580000,0x00000000d5b00000)
  from space 512K, 37% used [0x00000000d5c00000,0x00000000d5c30000,0x00000000d5c80000)
  to   space 512K, 0% used [0x00000000d5c80000,0x00000000d5c80000,0x00000000d5d00000)
 ParOldGen       total 804352K, used 652683K [0x0000000080000000, 0x00000000b1180000, 0x00000000d5580000)
  object space 804352K, 81% used [0x0000000080000000,0x00000000a7d62fe0,0x00000000b1180000)
 Metaspace       used 90359K, committed 92160K, reserved 1179648K
  class space    used 9140K, committed 9920K, reserved 1048576K
}
Event: 11584.035 GC heap before
{Heap before GC invocations=2813 (full 5):
 PSYoungGen      total 6144K, used 5824K [0x00000000d5580000, 0x00000000d5d00000, 0x0000000100000000)
  eden space 5632K, 100% used [0x00000000d5580000,0x00000000d5b00000,0x00000000d5b00000)
  from space 512K, 37% used [0x00000000d5c00000,0x00000000d5c30000,0x00000000d5c80000)
  to   space 512K, 0% used [0x00000000d5c80000,0x00000000d5c80000,0x00000000d5d00000)
 ParOldGen       total 804352K, used 652683K [0x0000000080000000, 0x00000000b1180000, 0x00000000d5580000)
  object space 804352K, 81% used [0x0000000080000000,0x00000000a7d62fe0,0x00000000b1180000)
 Metaspace       used 90359K, committed 92160K, reserved 1179648K
  class space    used 9140K, committed 9920K, reserved 1048576K
}
Event: 11584.036 GC heap after
{Heap after GC invocations=2813 (full 5):
 PSYoungGen      total 6144K, used 224K [0x00000000d5580000, 0x00000000d5d00000, 0x0000000100000000)
  eden space 5632K, 0% used [0x00000000d5580000,0x00000000d5580000,0x00000000d5b00000)
  from space 512K, 43% used [0x00000000d5c80000,0x00000000d5cb8000,0x00000000d5d00000)
  to   space 512K, 0% used [0x00000000d5c00000,0x00000000d5c00000,0x00000000d5c80000)
 ParOldGen       total 804352K, used 652683K [0x0000000080000000, 0x00000000b1180000, 0x00000000d5580000)
  object space 804352K, 81% used [0x0000000080000000,0x00000000a7d62fe0,0x00000000b1180000)
 Metaspace       used 90359K, committed 92160K, reserved 1179648K
  class space    used 9140K, committed 9920K, reserved 1048576K
}
Event: 11584.099 GC heap before
{Heap before GC invocations=2814 (full 5):
 PSYoungGen      total 6144K, used 5856K [0x00000000d5580000, 0x00000000d5d00000, 0x0000000100000000)
  eden space 5632K, 100% used [0x00000000d5580000,0x00000000d5b00000,0x00000000d5b00000)
  from space 512K, 43% used [0x00000000d5c80000,0x00000000d5cb8000,0x00000000d5d00000)
  to   space 512K, 0% used [0x00000000d5c00000,0x00000000d5c00000,0x00000000d5c80000)
 ParOldGen       total 804352K, used 652683K [0x0000000080000000, 0x00000000b1180000, 0x00000000d5580000)
  object space 804352K, 81% used [0x0000000080000000,0x00000000a7d62fe0,0x00000000b1180000)
 Metaspace       used 90359K, committed 92160K, reserved 1179648K
  class space    used 9140K, committed 9920K, reserved 1048576K
}
Event: 11584.100 GC heap after
{Heap after GC invocations=2814 (full 5):
 PSYoungGen      total 6144K, used 192K [0x00000000d5580000, 0x00000000d5d00000, 0x0000000100000000)
  eden space 5632K, 0% used [0x00000000d5580000,0x00000000d5580000,0x00000000d5b00000)
  from space 512K, 37% used [0x00000000d5c00000,0x00000000d5c30000,0x00000000d5c80000)
  to   space 512K, 0% used [0x00000000d5c80000,0x00000000d5c80000,0x00000000d5d00000)
 ParOldGen       total 804352K, used 652683K [0x0000000080000000, 0x00000000b1180000, 0x00000000d5580000)
  object space 804352K, 81% used [0x0000000080000000,0x00000000a7d62fe0,0x00000000b1180000)
 Metaspace       used 90359K, committed 92160K, reserved 1179648K
  class space    used 9140K, committed 9920K, reserved 1048576K
}
Event: 11584.166 GC heap before
{Heap before GC invocations=2815 (full 5):
 PSYoungGen      total 6144K, used 5824K [0x00000000d5580000, 0x00000000d5d00000, 0x0000000100000000)
  eden space 5632K, 100% used [0x00000000d5580000,0x00000000d5b00000,0x00000000d5b00000)
  from space 512K, 37% used [0x00000000d5c00000,0x00000000d5c30000,0x00000000d5c80000)
  to   space 512K, 0% used [0x00000000d5c80000,0x00000000d5c80000,0x00000000d5d00000)
 ParOldGen       total 804352K, used 652683K [0x0000000080000000, 0x00000000b1180000, 0x00000000d5580000)
  object space 804352K, 81% used [0x0000000080000000,0x00000000a7d62fe0,0x00000000b1180000)
 Metaspace       used 90359K, committed 92160K, reserved 1179648K
  class space    used 9140K, committed 9920K, reserved 1048576K
}
Event: 11584.167 GC heap after
{Heap after GC invocations=2815 (full 5):
 PSYoungGen      total 6144K, used 160K [0x00000000d5580000, 0x00000000d5d00000, 0x0000000100000000)
  eden space 5632K, 0% used [0x00000000d5580000,0x00000000d5580000,0x00000000d5b00000)
  from space 512K, 31% used [0x00000000d5c80000,0x00000000d5ca8000,0x00000000d5d00000)
  to   space 512K, 0% used [0x00000000d5c00000,0x00000000d5c00000,0x00000000d5c80000)
 ParOldGen       total 804352K, used 652683K [0x0000000080000000, 0x00000000b1180000, 0x00000000d5580000)
  object space 804352K, 81% used [0x0000000080000000,0x00000000a7d62fe0,0x00000000b1180000)
 Metaspace       used 90359K, committed 92160K, reserved 1179648K
  class space    used 9140K, committed 9920K, reserved 1048576K
}

